

Version:	3.14
CmdLine:	C:\Users\tcupe\IdeaProjects\PayloadFactory\out\artifacts\PayloadFactory_jar\PayloadFactory.exe --l4j-debug
WOW64:		yes
Working dir:	C:\Users\tcupe\IdeaProjects\PayloadFactory\out\artifacts\PayloadFactory_jar\.
Java min ver:	1.000.000
Java max ver:	
Bundled JRE(s):	C:\Users\tcupe\Documents\jdk-15.0.2
Check launcher:	C:\Users\tcupe\Documents\jdk-15.0.2\bin\javaw.exe (OK)
Launcher:	C:\Users\tcupe\Documents\jdk-15.0.2\bin\javaw.exe
Launcher args:	-jar "C:\Users\tcupe\IdeaProjects\PayloadFactory\out\artifacts\PayloadFactory_jar\PayloadFactory.exe"
Args length:	101/32768 chars
Exit code:	0


Version:	3.14
CmdLine:	C:\Users\tcupe\IdeaProjects\PayloadFactory\out\artifacts\PayloadFactory_jar\PayloadFactory.exe --l4j-debug
WOW64:		yes
Working dir:	C:\Users\tcupe\IdeaProjects\PayloadFactory\out\artifacts\PayloadFactory_jar\.
Java min ver:	
Java max ver:	
Bundled JRE(s):	C:\Users\tcupe\Documents\jdk-15.0.2
Check launcher:	C:\Users\tcupe\Documents\jdk-15.0.2\bin\javaw.exe (OK)
Launcher:	C:\Users\tcupe\Documents\jdk-15.0.2\bin\javaw.exe
Launcher args:	-jar "C:\Users\tcupe\IdeaProjects\PayloadFactory\out\artifacts\PayloadFactory_jar\PayloadFactory.exe"
Args length:	101/32768 chars
Exit code:	0
